2013-02-04 18:11:55 - ! log file open
yyyy.mm.dd hh:mm:ss -  # hand commoncard rank poker  win  los  tie  P      nit bestaction - play*      call       bet       pot   balance - FCKRA FCKRA swag
----------------------------------------------------------------------------------------------------------------------------------------------------------
2013-02-04 18:11:56 - 
*************************************************************
TABLE RESET +EVBOT.ohf - bwin(Supersonic -  NL  Hold'em - $0.02/$0.04- 3395225)
*************************************************************
2013-02-04 18:11:56 - 
*************************************************************
NEW STAKES sb(0.02) bb(0.04) BB(0.00) ante(0.00)
*************************************************************
2013-02-04 18:11:56 - 
*************************************************************
HAND RESET (num: 1262899831 dealer: 4 cards: NONE): Supersonic -  NL  Hold'em - $0.02/$0.04- 3395225
*************************************************************
2013-02-04 18:11:56 - ROUND 1
2013-02-04 18:11:56 - >>> New hand 
2013-02-04 18:12:05 - ! log file closed
2013-02-04 18:18:16 - ! log file open
yyyy.mm.dd hh:mm:ss -  # hand commoncard rank poker  win  los  tie  P      nit bestaction - play*      call       bet       pot   balance - FCKRA FCKRA swag
----------------------------------------------------------------------------------------------------------------------------------------------------------
2013-02-04 18:18:17 - 
*************************************************************
TABLE RESET +EVBOT.ohf - bwin(Supersonic -  NL  Hold'em - $0.02/$0.04- 3395330)
*************************************************************
2013-02-04 18:18:17 - 
*************************************************************
NEW STAKES sb(0.02) bb(0.04) BB(0.00) ante(0.00)
*************************************************************
2013-02-04 18:18:17 - 
*************************************************************
HAND RESET (num: 2629029228 dealer: 0 cards: NONE): Supersonic -  NL  Hold'em - $0.02/$0.04- 3395330
*************************************************************
2013-02-04 18:18:17 - ROUND 1
2013-02-04 18:18:21 - 
*************************************************************
HAND RESET (num: 2629029368 dealer: 1 cards: NONE): Supersonic -  NL  Hold'em - $0.02/$0.04- 3395330
*************************************************************
2013-02-04 18:18:21 - ROUND 1
2013-02-04 18:18:21 - >>> New hand 
2013-02-04 18:46:50 - ! log file closed
2013-02-04 20:20:22 - ! log file open
yyyy.mm.dd hh:mm:ss -  # hand commoncard rank poker  win  los  tie  P      nit bestaction - play*      call       bet       pot   balance - FCKRA FCKRA swag
----------------------------------------------------------------------------------------------------------------------------------------------------------
2013-02-04 20:20:22 - 
*************************************************************
TABLE RESET +EVBOT.ohf - bwin(Supersonic -  NL  Hold'em - $0.02/$0.04- 3397315)
*************************************************************
2013-02-04 20:20:22 - 
*************************************************************
NEW STAKES sb(0.02) bb(0.04) BB(0.00) ante(0.00)
*************************************************************
2013-02-04 20:20:22 - 
*************************************************************
HAND RESET (num: 2629520927 dealer: 0 cards: NONE): Supersonic -  NL  Hold'em - $0.02/$0.04- 3397315
*************************************************************
2013-02-04 20:20:22 - ROUND 1
